
2017-12-06 22:35:51.337 [INFO]    Build result for testcase: TestDriver2.cs TestedOne.cs TestedTwo.cs
2017-12-06 22:35:51.337 [OUTPUT] Microsoft (R) Visual C# Compiler version 4.6.1055.0
for C# 5
Copyright (C) Microsoft Corporation. All rights reserved.

This compiler is provided as part of the Microsoft (R) .NET Framework, but only supports language versions up to C# 5, which is no longer the latest version. For compilers that support newer versions of the C# programming language, see http://go.microsoft.com/fwlink/?LinkID=533240

TestDriver2.cs(22,11): error CS1061: 'TestBuild.TestedTwo' does not contain a definition for 'sayOne' and no extension method 'sayOne' accepting a first argument of type 'TestBuild.TestedTwo' could be found (are you missing a using directive or an assembly reference?)

2017-12-06 22:35:51.337 [ERROR]   
2017-12-06 22:35:51.338 [EXITCODE]   Exit Code: 1